495	0.000000	guitar/l8WGKWOs-23.jpg
156	0.000000	guitar/A81JFMtw-6.jpg
198	0.000000	guitar/BTozQQLn-8.jpg
1186	1.000000	others/a4RmSbSY-33.jpg
1438	1.000000	others/vwIe4h3S-8.jpg
388	0.000000	guitar/XoyM3MN6-35.jpg
547	0.000000	guitar/p4KI1Su2-34.jpg
652	0.000000	guitar/v7phsv8r-20.jpg
1062	1.000000	others/SvaB8Sct-3.jpg
899	1.000000	others/CfF36h4p-27.jpg
130	0.000000	guitar/A81JFMtw-19.jpg
1115	1.000000	others/VaJ1xFc6-5.jpg
366	0.000000	guitar/XoyM3MN6-15.jpg
1057	1.000000	others/SvaB8Sct-25.jpg
267	0.000000	guitar/OJvTslgM-34.jpg
222	0.000000	guitar/HuquYUUP-3.jpg
162	0.000000	guitar/BTozQQLn-11.jpg
292	0.000000	guitar/SquMCBfp-20.jpg
24	0.000000	guitar/07zO2agX-31.jpg
1253	1.000000	others/epbjBgpC-21.jpg
1327	1.000000	others/iltEqifE-16.jpg
134	0.000000	guitar/A81JFMtw-22.jpg
4	0.000000	guitar/07zO2agX-13.jpg
1166	1.000000	others/a4RmSbSY-15.jpg
972	1.000000	others/O9pBY0Ij-20.jpg
1078	1.000000	others/SvaB8Sct-8.jpg
191	0.000000	guitar/BTozQQLn-38.jpg
335	0.000000	guitar/VPGU8VXv-23.jpg
1029	1.000000	others/RojXO1X2-36.jpg
1098	1.000000	others/VaJ1xFc6-26.jpg
787	1.000000	others/3Y7c0jyg-34.jpg
483	0.000000	guitar/l8WGKWOs-12.jpg
585	0.000000	guitar/rX9iTLtz-32.jpg
1152	1.000000	others/WMtdoorh-39.jpg
371	0.000000	guitar/XoyM3MN6-2.jpg
1164	1.000000	others/a4RmSbSY-13.jpg
1175	1.000000	others/a4RmSbSY-23.jpg
354	0.000000	guitar/VPGU8VXv-40.jpg
252	0.000000	guitar/OJvTslgM-20.jpg
708	0.000000	guitar/vUNpYmJo-35.jpg
1309	1.000000	others/ibTp2xfZ-36.jpg
147	0.000000	guitar/A81JFMtw-34.jpg
1337	1.000000	others/iltEqifE-25.jpg
613	0.000000	guitar/sRLBZRa7-21.jpg
1385	1.000000	others/uIGZcn0G-32.jpg
114	0.000000	guitar/8txMgu5e-40.jpg
208	0.000000	guitar/HuquYUUP-17.jpg
1015	1.000000	others/RojXO1X2-23.jpg
741	1.000000	others/1hMqhm36-29.jpg
364	0.000000	guitar/XoyM3MN6-13.jpg
684	0.000000	guitar/vUNpYmJo-13.jpg
1329	1.000000	others/iltEqifE-18.jpg
1016	1.000000	others/RojXO1X2-24.jpg
451	0.000000	guitar/ZmjMhFx5-2.jpg
1169	1.000000	others/a4RmSbSY-18.jpg
340	0.000000	guitar/VPGU8VXv-28.jpg
629	0.000000	guitar/sRLBZRa7-36.jpg
446	0.000000	guitar/ZmjMhFx5-15.jpg
560	0.000000	guitar/rX9iTLtz-1.jpg
526	0.000000	guitar/p4KI1Su2-15.jpg
1239	1.000000	others/bBKTAb1I-9.jpg
853	1.000000	others/9HlCyLge-21.jpg
872	1.000000	others/9HlCyLge-39.jpg
434	0.000000	guitar/Y7xzdjv8-40.jpg
430	0.000000	guitar/Y7xzdjv8-37.jpg
749	1.000000	others/1hMqhm36-36.jpg
862	1.000000	others/9HlCyLge-3.jpg
510	0.000000	guitar/l8WGKWOs-37.jpg
21	0.000000	guitar/07zO2agX-29.jpg
516	0.000000	guitar/l8WGKWOs-6.jpg
173	0.000000	guitar/BTozQQLn-21.jpg
441	0.000000	guitar/ZmjMhFx5-10.jpg
775	1.000000	others/3Y7c0jyg-23.jpg
1005	1.000000	others/RojXO1X2-14.jpg
272	0.000000	guitar/OJvTslgM-39.jpg
462	0.000000	guitar/ZmjMhFx5-3.jpg
401	0.000000	guitar/Y7xzdjv8-10.jpg
423	0.000000	guitar/Y7xzdjv8-30.jpg
1369	1.000000	others/uIGZcn0G-18.jpg
1113	1.000000	others/VaJ1xFc6-4.jpg
220	0.000000	guitar/HuquYUUP-28.jpg
120	0.000000	guitar/A81JFMtw-1.jpg
422	0.000000	guitar/Y7xzdjv8-3.jpg
705	0.000000	guitar/vUNpYmJo-32.jpg
349	0.000000	guitar/VPGU8VXv-36.jpg
463	0.000000	guitar/ZmjMhFx5-30.jpg
964	1.000000	others/O9pBY0Ij-13.jpg
1024	1.000000	others/RojXO1X2-31.jpg
1261	1.000000	others/epbjBgpC-29.jpg
1368	1.000000	others/uIGZcn0G-17.jpg
281	0.000000	guitar/SquMCBfp-10.jpg
861	1.000000	others/9HlCyLge-29.jpg
1392	1.000000	others/uIGZcn0G-39.jpg
326	0.000000	guitar/VPGU8VXv-15.jpg
965	1.000000	others/O9pBY0Ij-14.jpg
1386	1.000000	others/uIGZcn0G-33.jpg
767	1.000000	others/3Y7c0jyg-16.jpg
413	0.000000	guitar/Y7xzdjv8-21.jpg
108	0.000000	guitar/8txMgu5e-35.jpg
694	0.000000	guitar/vUNpYmJo-22.jpg
1233	1.000000	others/bBKTAb1I-4.jpg
1342	1.000000	others/iltEqifE-3.jpg
812	1.000000	others/4IQMXETy-20.jpg
1080	1.000000	others/VaJ1xFc6-1.jpg
1207	1.000000	others/bBKTAb1I-16.jpg
678	0.000000	guitar/v7phsv8r-8.jpg
1049	1.000000	others/SvaB8Sct-18.jpg
692	0.000000	guitar/vUNpYmJo-20.jpg
879	1.000000	others/9HlCyLge-9.jpg
18	0.000000	guitar/07zO2agX-26.jpg
1035	1.000000	others/RojXO1X2-5.jpg
978	1.000000	others/O9pBY0Ij-26.jpg
1056	1.000000	others/SvaB8Sct-24.jpg
1211	1.000000	others/bBKTAb1I-2.jpg
1303	1.000000	others/ibTp2xfZ-30.jpg
420	0.000000	guitar/Y7xzdjv8-28.jpg
595	0.000000	guitar/rX9iTLtz-5.jpg
1403	1.000000	others/vwIe4h3S-12.jpg
1146	1.000000	others/WMtdoorh-33.jpg
1092	1.000000	others/VaJ1xFc6-20.jpg
457	0.000000	guitar/ZmjMhFx5-25.jpg
886	1.000000	others/CfF36h4p-15.jpg
714	0.000000	guitar/vUNpYmJo-40.jpg
327	0.000000	guitar/VPGU8VXv-16.jpg
1000	1.000000	others/RojXO1X2-1.jpg
174	0.000000	guitar/BTozQQLn-22.jpg
923	1.000000	others/MvjuHQLy-12.jpg
543	0.000000	guitar/p4KI1Su2-30.jpg
236	0.000000	guitar/HuquYUUP-6.jpg
279	0.000000	guitar/OJvTslgM-9.jpg
720	1.000000	others/1hMqhm36-1.jpg
1145	1.000000	others/WMtdoorh-32.jpg
200	0.000000	guitar/HuquYUUP-1.jpg
960	1.000000	others/O9pBY0Ij-1.jpg
368	0.000000	guitar/XoyM3MN6-17.jpg
7	0.000000	guitar/07zO2agX-16.jpg
1409	1.000000	others/vwIe4h3S-18.jpg
1297	1.000000	others/ibTp2xfZ-25.jpg
1212	1.000000	others/bBKTAb1I-20.jpg
746	1.000000	others/1hMqhm36-33.jpg
1141	1.000000	others/WMtdoorh-29.jpg
876	1.000000	others/9HlCyLge-6.jpg
1103	1.000000	others/VaJ1xFc6-30.jpg
724	1.000000	others/1hMqhm36-13.jpg
1331	1.000000	others/iltEqifE-2.jpg
655	0.000000	guitar/v7phsv8r-23.jpg
192	0.000000	guitar/BTozQQLn-39.jpg
1312	1.000000	others/ibTp2xfZ-39.jpg
525	0.000000	guitar/p4KI1Su2-14.jpg
1244	1.000000	others/epbjBgpC-13.jpg
1130	1.000000	others/WMtdoorh-19.jpg
319	0.000000	guitar/SquMCBfp-9.jpg
578	0.000000	guitar/rX9iTLtz-26.jpg
780	1.000000	others/3Y7c0jyg-28.jpg
736	1.000000	others/1hMqhm36-24.jpg
794	1.000000	others/3Y7c0jyg-40.jpg
641	0.000000	guitar/v7phsv8r-10.jpg
1420	1.000000	others/vwIe4h3S-28.jpg
834	1.000000	others/4IQMXETy-40.jpg
838	1.000000	others/4IQMXETy-8.jpg
203	0.000000	guitar/HuquYUUP-12.jpg
1257	1.000000	others/epbjBgpC-25.jpg
844	1.000000	others/9HlCyLge-13.jpg
699	0.000000	guitar/vUNpYmJo-27.jpg
153	0.000000	guitar/A81JFMtw-4.jpg
807	1.000000	others/4IQMXETy-16.jpg
795	1.000000	others/3Y7c0jyg-5.jpg
929	1.000000	others/MvjuHQLy-18.jpg
801	1.000000	others/4IQMXETy-10.jpg
575	0.000000	guitar/rX9iTLtz-23.jpg
1102	1.000000	others/VaJ1xFc6-3.jpg
1223	1.000000	others/bBKTAb1I-30.jpg
926	1.000000	others/MvjuHQLy-15.jpg
985	1.000000	others/O9pBY0Ij-32.jpg
1340	1.000000	others/iltEqifE-28.jpg
1250	1.000000	others/epbjBgpC-19.jpg
221	0.000000	guitar/HuquYUUP-29.jpg
890	1.000000	others/CfF36h4p-19.jpg
980	1.000000	others/O9pBY0Ij-28.jpg
1434	1.000000	others/vwIe4h3S-40.jpg
864	1.000000	others/9HlCyLge-31.jpg
266	0.000000	guitar/OJvTslgM-33.jpg
1370	1.000000	others/uIGZcn0G-19.jpg
620	0.000000	guitar/sRLBZRa7-28.jpg
1043	1.000000	others/SvaB8Sct-12.jpg
1118	1.000000	others/VaJ1xFc6-8.jpg
631	0.000000	guitar/sRLBZRa7-38.jpg
250	0.000000	guitar/OJvTslgM-19.jpg
501	0.000000	guitar/l8WGKWOs-29.jpg
442	0.000000	guitar/ZmjMhFx5-11.jpg
1017	1.000000	others/RojXO1X2-25.jpg
1320	1.000000	others/iltEqifE-1.jpg
1083	1.000000	others/VaJ1xFc6-12.jpg
1101	1.000000	others/VaJ1xFc6-29.jpg
8	0.000000	guitar/07zO2agX-17.jpg
311	0.000000	guitar/SquMCBfp-38.jpg
1365	1.000000	others/uIGZcn0G-14.jpg
849	1.000000	others/9HlCyLge-18.jpg
869	1.000000	others/9HlCyLge-36.jpg
900	1.000000	others/CfF36h4p-28.jpg
1304	1.000000	others/ibTp2xfZ-31.jpg
1355	1.000000	others/iltEqifE-5.jpg
1262	1.000000	others/epbjBgpC-3.jpg
110	0.000000	guitar/8txMgu5e-37.jpg
262	0.000000	guitar/OJvTslgM-3.jpg
698	0.000000	guitar/vUNpYmJo-26.jpg
916	1.000000	others/CfF36h4p-6.jpg
667	0.000000	guitar/v7phsv8r-34.jpg
304	0.000000	guitar/SquMCBfp-31.jpg
815	1.000000	others/4IQMXETy-23.jpg
1271	1.000000	others/epbjBgpC-38.jpg
665	0.000000	guitar/v7phsv8r-32.jpg
1381	1.000000	others/uIGZcn0G-29.jpg
313	0.000000	guitar/SquMCBfp-4.jpg
1348	1.000000	others/iltEqifE-35.jpg
275	0.000000	guitar/OJvTslgM-5.jpg
1104	1.000000	others/VaJ1xFc6-31.jpg
1236	1.000000	others/bBKTAb1I-6.jpg
711	0.000000	guitar/vUNpYmJo-38.jpg
211	0.000000	guitar/HuquYUUP-2.jpg
223	0.000000	guitar/HuquYUUP-30.jpg
1398	1.000000	others/uIGZcn0G-8.jpg
1243	1.000000	others/epbjBgpC-12.jpg
1064	1.000000	others/SvaB8Sct-31.jpg
450	0.000000	guitar/ZmjMhFx5-19.jpg
74	0.000000	guitar/42tXNfUj-40.jpg
13	0.000000	guitar/07zO2agX-21.jpg
492	0.000000	guitar/l8WGKWOs-20.jpg
599	0.000000	guitar/rX9iTLtz-9.jpg
556	0.000000	guitar/p4KI1Su2-6.jpg
1255	1.000000	others/epbjBgpC-23.jpg
129	0.000000	guitar/A81JFMtw-18.jpg
188	0.000000	guitar/BTozQQLn-35.jpg
1195	1.000000	others/a4RmSbSY-5.jpg
261	0.000000	guitar/OJvTslgM-29.jpg
229	0.000000	guitar/HuquYUUP-36.jpg
370	0.000000	guitar/XoyM3MN6-19.jpg
1415	1.000000	others/vwIe4h3S-23.jpg
784	1.000000	others/3Y7c0jyg-31.jpg
602	0.000000	guitar/sRLBZRa7-11.jpg
70	0.000000	guitar/42tXNfUj-37.jpg
1060	1.000000	others/SvaB8Sct-28.jpg
378	0.000000	guitar/XoyM3MN6-26.jpg
334	0.000000	guitar/VPGU8VXv-22.jpg
477	0.000000	guitar/ZmjMhFx5-7.jpg
1286	1.000000	others/ibTp2xfZ-15.jpg
945	1.000000	others/MvjuHQLy-32.jpg
246	0.000000	guitar/OJvTslgM-15.jpg
1177	1.000000	others/a4RmSbSY-25.jpg
760	1.000000	others/3Y7c0jyg-1.jpg
131	0.000000	guitar/A81JFMtw-2.jpg
52	0.000000	guitar/42tXNfUj-20.jpg
42	0.000000	guitar/42tXNfUj-11.jpg
508	0.000000	guitar/l8WGKWOs-35.jpg
135	0.000000	guitar/A81JFMtw-23.jpg
1097	1.000000	others/VaJ1xFc6-25.jpg
280	0.000000	guitar/SquMCBfp-1.jpg
289	0.000000	guitar/SquMCBfp-18.jpg
605	0.000000	guitar/sRLBZRa7-14.jpg
647	0.000000	guitar/v7phsv8r-16.jpg
1174	1.000000	others/a4RmSbSY-22.jpg
1414	1.000000	others/vwIe4h3S-22.jpg
197	0.000000	guitar/BTozQQLn-7.jpg
672	0.000000	guitar/v7phsv8r-39.jpg
894	1.000000	others/CfF36h4p-22.jpg
552	0.000000	guitar/p4KI1Su2-39.jpg
612	0.000000	guitar/sRLBZRa7-20.jpg
1428	1.000000	others/vwIe4h3S-35.jpg
204	0.000000	guitar/HuquYUUP-13.jpg
1144	1.000000	others/WMtdoorh-31.jpg
1318	1.000000	others/ibTp2xfZ-8.jpg
512	0.000000	guitar/l8WGKWOs-39.jpg
513	0.000000	guitar/l8WGKWOs-4.jpg
974	1.000000	others/O9pBY0Ij-22.jpg
403	0.000000	guitar/Y7xzdjv8-12.jpg
1053	1.000000	others/SvaB8Sct-21.jpg
850	1.000000	others/9HlCyLge-19.jpg
1287	1.000000	others/ibTp2xfZ-16.jpg
1321	1.000000	others/iltEqifE-10.jpg
828	1.000000	others/4IQMXETy-35.jpg
742	1.000000	others/1hMqhm36-3.jpg
241	0.000000	guitar/OJvTslgM-10.jpg
1138	1.000000	others/WMtdoorh-26.jpg
296	0.000000	guitar/SquMCBfp-24.jpg
1133	1.000000	others/WMtdoorh-21.jpg
1390	1.000000	others/uIGZcn0G-37.jpg
23	0.000000	guitar/07zO2agX-30.jpg
928	1.000000	others/MvjuHQLy-17.jpg
821	1.000000	others/4IQMXETy-29.jpg
115	0.000000	guitar/8txMgu5e-5.jpg
54	0.000000	guitar/42tXNfUj-22.jpg
854	1.000000	others/9HlCyLge-22.jpg
282	0.000000	guitar/SquMCBfp-11.jpg
792	1.000000	others/3Y7c0jyg-39.jpg
755	1.000000	others/1hMqhm36-5.jpg
209	0.000000	guitar/HuquYUUP-18.jpg
426	0.000000	guitar/Y7xzdjv8-33.jpg
983	1.000000	others/O9pBY0Ij-30.jpg
49	0.000000	guitar/42tXNfUj-18.jpg
1374	1.000000	others/uIGZcn0G-22.jpg
884	1.000000	others/CfF36h4p-13.jpg
84	0.000000	guitar/8txMgu5e-13.jpg
1109	1.000000	others/VaJ1xFc6-36.jpg
949	1.000000	others/MvjuHQLy-36.jpg
437	0.000000	guitar/Y7xzdjv8-7.jpg
863	1.000000	others/9HlCyLge-30.jpg
1006	1.000000	others/RojXO1X2-15.jpg
1142	1.000000	others/WMtdoorh-3.jpg
771	1.000000	others/3Y7c0jyg-2.jpg
565	0.000000	guitar/rX9iTLtz-14.jpg
1123	1.000000	others/WMtdoorh-12.jpg
888	1.000000	others/CfF36h4p-17.jpg
1285	1.000000	others/ibTp2xfZ-14.jpg
123	0.000000	guitar/A81JFMtw-12.jpg
1048	1.000000	others/SvaB8Sct-17.jpg
1119	1.000000	others/VaJ1xFc6-9.jpg
1153	1.000000	others/WMtdoorh-4.jpg
1003	1.000000	others/RojXO1X2-12.jpg
140	0.000000	guitar/A81JFMtw-28.jpg
1246	1.000000	others/epbjBgpC-15.jpg
1315	1.000000	others/ibTp2xfZ-5.jpg
1226	1.000000	others/bBKTAb1I-33.jpg
577	0.000000	guitar/rX9iTLtz-25.jpg
935	1.000000	others/MvjuHQLy-23.jpg
183	0.000000	guitar/BTozQQLn-30.jpg
1155	1.000000	others/WMtdoorh-5.jpg
590	0.000000	guitar/rX9iTLtz-37.jpg
1114	1.000000	others/VaJ1xFc6-40.jpg
740	1.000000	others/1hMqhm36-28.jpg
1232	1.000000	others/bBKTAb1I-39.jpg
1121	1.000000	others/WMtdoorh-10.jpg
1388	1.000000	others/uIGZcn0G-35.jpg
55	0.000000	guitar/42tXNfUj-23.jpg
982	1.000000	others/O9pBY0Ij-3.jpg
841	1.000000	others/9HlCyLge-10.jpg
1217	1.000000	others/bBKTAb1I-25.jpg
402	0.000000	guitar/Y7xzdjv8-11.jpg
234	0.000000	guitar/HuquYUUP-40.jpg
1379	1.000000	others/uIGZcn0G-27.jpg
827	1.000000	others/4IQMXETy-34.jpg
372	0.000000	guitar/XoyM3MN6-20.jpg
139	0.000000	guitar/A81JFMtw-27.jpg
1032	1.000000	others/RojXO1X2-39.jpg
373	0.000000	guitar/XoyM3MN6-21.jpg
987	1.000000	others/O9pBY0Ij-34.jpg
353	0.000000	guitar/VPGU8VXv-4.jpg
499	0.000000	guitar/l8WGKWOs-27.jpg
350	0.000000	guitar/VPGU8VXv-37.jpg
384	0.000000	guitar/XoyM3MN6-31.jpg
639	0.000000	guitar/sRLBZRa7-9.jpg
653	0.000000	guitar/v7phsv8r-21.jpg
619	0.000000	guitar/sRLBZRa7-27.jpg
1050	1.000000	others/SvaB8Sct-19.jpg
986	1.000000	others/O9pBY0Ij-33.jpg
1263	1.000000	others/epbjBgpC-30.jpg
91	0.000000	guitar/8txMgu5e-2.jpg
993	1.000000	others/O9pBY0Ij-4.jpg
1076	1.000000	others/SvaB8Sct-6.jpg
138	0.000000	guitar/A81JFMtw-26.jpg
57	0.000000	guitar/42tXNfUj-25.jpg
1231	1.000000	others/bBKTAb1I-38.jpg
1248	1.000000	others/epbjBgpC-17.jpg
486	0.000000	guitar/l8WGKWOs-15.jpg
871	1.000000	others/9HlCyLge-38.jpg
956	1.000000	others/MvjuHQLy-6.jpg
68	0.000000	guitar/42tXNfUj-35.jpg
58	0.000000	guitar/42tXNfUj-26.jpg
1171	1.000000	others/a4RmSbSY-2.jpg
305	0.000000	guitar/SquMCBfp-32.jpg
915	1.000000	others/CfF36h4p-5.jpg
481	0.000000	guitar/l8WGKWOs-10.jpg
362	0.000000	guitar/XoyM3MN6-11.jpg
790	1.000000	others/3Y7c0jyg-37.jpg
45	0.000000	guitar/42tXNfUj-14.jpg
1070	1.000000	others/SvaB8Sct-37.jpg
1094	1.000000	others/VaJ1xFc6-22.jpg
407	0.000000	guitar/Y7xzdjv8-16.jpg
472	0.000000	guitar/ZmjMhFx5-39.jpg
774	1.000000	others/3Y7c0jyg-22.jpg
1299	1.000000	others/ibTp2xfZ-27.jpg
132	0.000000	guitar/A81JFMtw-20.jpg
155	0.000000	guitar/A81JFMtw-5.jpg
299	0.000000	guitar/SquMCBfp-27.jpg
137	0.000000	guitar/A81JFMtw-25.jpg
112	0.000000	guitar/8txMgu5e-39.jpg
1067	1.000000	others/SvaB8Sct-34.jpg
1431	1.000000	others/vwIe4h3S-38.jpg
523	0.000000	guitar/p4KI1Su2-12.jpg
392	0.000000	guitar/XoyM3MN6-39.jpg
480	0.000000	guitar/l8WGKWOs-1.jpg
1417	1.000000	others/vwIe4h3S-25.jpg
1376	1.000000	others/uIGZcn0G-24.jpg
586	0.000000	guitar/rX9iTLtz-33.jpg
857	1.000000	others/9HlCyLge-25.jpg
995	1.000000	others/O9pBY0Ij-5.jpg
1026	1.000000	others/RojXO1X2-33.jpg
1182	1.000000	others/a4RmSbSY-3.jpg
874	1.000000	others/9HlCyLge-40.jpg
1090	1.000000	others/VaJ1xFc6-19.jpg
270	0.000000	guitar/OJvTslgM-37.jpg
581	0.000000	guitar/rX9iTLtz-29.jpg
263	0.000000	guitar/OJvTslgM-30.jpg
1023	1.000000	others/RojXO1X2-30.jpg
568	0.000000	guitar/rX9iTLtz-17.jpg
1007	1.000000	others/RojXO1X2-16.jpg
816	1.000000	others/4IQMXETy-24.jpg
891	1.000000	others/CfF36h4p-2.jpg
847	1.000000	others/9HlCyLge-16.jpg
315	0.000000	guitar/SquMCBfp-5.jpg
474	0.000000	guitar/ZmjMhFx5-40.jpg
133	0.000000	guitar/A81JFMtw-21.jpg
487	0.000000	guitar/l8WGKWOs-16.jpg
897	1.000000	others/CfF36h4p-25.jpg
1229	1.000000	others/bBKTAb1I-36.jpg
835	1.000000	others/4IQMXETy-5.jpg
1302	1.000000	others/ibTp2xfZ-3.jpg
1025	1.000000	others/RojXO1X2-32.jpg
66	0.000000	guitar/42tXNfUj-33.jpg
331	0.000000	guitar/VPGU8VXv-2.jpg
1401	1.000000	others/vwIe4h3S-10.jpg
1410	1.000000	others/vwIe4h3S-19.jpg
594	0.000000	guitar/rX9iTLtz-40.jpg
380	0.000000	guitar/XoyM3MN6-28.jpg
656	0.000000	guitar/v7phsv8r-24.jpg
924	1.000000	others/MvjuHQLy-13.jpg
33	0.000000	guitar/07zO2agX-4.jpg
242	0.000000	guitar/OJvTslgM-11.jpg
99	0.000000	guitar/8txMgu5e-27.jpg
453	0.000000	guitar/ZmjMhFx5-21.jpg
1147	1.000000	others/WMtdoorh-34.jpg
1367	1.000000	others/uIGZcn0G-16.jpg
1295	1.000000	others/ibTp2xfZ-23.jpg
230	0.000000	guitar/HuquYUUP-37.jpg
778	1.000000	others/3Y7c0jyg-26.jpg
232	0.000000	guitar/HuquYUUP-39.jpg
615	0.000000	guitar/sRLBZRa7-23.jpg
1264	1.000000	others/epbjBgpC-31.jpg
998	1.000000	others/O9pBY0Ij-8.jpg
1281	1.000000	others/ibTp2xfZ-10.jpg
1189	1.000000	others/a4RmSbSY-36.jpg
885	1.000000	others/CfF36h4p-14.jpg
679	0.000000	guitar/v7phsv8r-9.jpg
1165	1.000000	others/a4RmSbSY-14.jpg
308	0.000000	guitar/SquMCBfp-35.jpg
737	1.000000	others/1hMqhm36-25.jpg
168	0.000000	guitar/BTozQQLn-17.jpg
1151	1.000000	others/WMtdoorh-38.jpg
122	0.000000	guitar/A81JFMtw-11.jpg
759	1.000000	others/1hMqhm36-9.jpg
411	0.000000	guitar/Y7xzdjv8-2.jpg
1345	1.000000	others/iltEqifE-32.jpg
681	0.000000	guitar/vUNpYmJo-10.jpg
625	0.000000	guitar/sRLBZRa7-32.jpg
1296	1.000000	others/ibTp2xfZ-24.jpg
424	0.000000	guitar/Y7xzdjv8-31.jpg
950	1.000000	others/MvjuHQLy-37.jpg
1344	1.000000	others/iltEqifE-31.jpg
1172	1.000000	others/a4RmSbSY-20.jpg
12	0.000000	guitar/07zO2agX-20.jpg
321	0.000000	guitar/VPGU8VXv-10.jpg
1168	1.000000	others/a4RmSbSY-17.jpg
269	0.000000	guitar/OJvTslgM-36.jpg
962	1.000000	others/O9pBY0Ij-11.jpg
558	0.000000	guitar/p4KI1Su2-8.jpg
333	0.000000	guitar/VPGU8VXv-21.jpg
535	0.000000	guitar/p4KI1Su2-23.jpg
255	0.000000	guitar/OJvTslgM-23.jpg
1283	1.000000	others/ibTp2xfZ-12.jpg
344	0.000000	guitar/VPGU8VXv-31.jpg
1131	1.000000	others/WMtdoorh-2.jpg
747	1.000000	others/1hMqhm36-34.jpg
1324	1.000000	others/iltEqifE-13.jpg
382	0.000000	guitar/XoyM3MN6-3.jpg
244	0.000000	guitar/OJvTslgM-13.jpg
264	0.000000	guitar/OJvTslgM-31.jpg
536	0.000000	guitar/p4KI1Su2-24.jpg
351	0.000000	guitar/VPGU8VXv-38.jpg
363	0.000000	guitar/XoyM3MN6-12.jpg
504	0.000000	guitar/l8WGKWOs-31.jpg
674	0.000000	guitar/v7phsv8r-40.jpg
1106	1.000000	others/VaJ1xFc6-33.jpg
882	1.000000	others/CfF36h4p-11.jpg
738	1.000000	others/1hMqhm36-26.jpg
538	0.000000	guitar/p4KI1Su2-26.jpg
905	1.000000	others/CfF36h4p-32.jpg
440	0.000000	guitar/ZmjMhFx5-1.jpg
490	0.000000	guitar/l8WGKWOs-19.jpg
277	0.000000	guitar/OJvTslgM-7.jpg
72	0.000000	guitar/42tXNfUj-39.jpg
527	0.000000	guitar/p4KI1Su2-16.jpg
90	0.000000	guitar/8txMgu5e-19.jpg
611	0.000000	guitar/sRLBZRa7-2.jpg
680	0.000000	guitar/vUNpYmJo-1.jpg
715	0.000000	guitar/vUNpYmJo-5.jpg
1205	1.000000	others/bBKTAb1I-14.jpg
837	1.000000	others/4IQMXETy-7.jpg
330	0.000000	guitar/VPGU8VXv-19.jpg
249	0.000000	guitar/OJvTslgM-18.jpg
1204	1.000000	others/bBKTAb1I-13.jpg
1426	1.000000	others/vwIe4h3S-33.jpg
940	1.000000	others/MvjuHQLy-28.jpg
797	1.000000	others/3Y7c0jyg-7.jpg
1013	1.000000	others/RojXO1X2-21.jpg
127	0.000000	guitar/A81JFMtw-16.jpg
597	0.000000	guitar/rX9iTLtz-7.jpg
41	0.000000	guitar/42tXNfUj-10.jpg
957	1.000000	others/MvjuHQLy-7.jpg
570	0.000000	guitar/rX9iTLtz-19.jpg
1009	1.000000	others/RojXO1X2-18.jpg
806	1.000000	others/4IQMXETy-15.jpg
734	1.000000	others/1hMqhm36-22.jpg
748	1.000000	others/1hMqhm36-35.jpg
268	0.000000	guitar/OJvTslgM-35.jpg
687	0.000000	guitar/vUNpYmJo-16.jpg
359	0.000000	guitar/VPGU8VXv-9.jpg
1259	1.000000	others/epbjBgpC-27.jpg
1387	1.000000	others/uIGZcn0G-34.jpg
954	1.000000	others/MvjuHQLy-40.jpg
546	0.000000	guitar/p4KI1Su2-33.jpg
662	0.000000	guitar/v7phsv8r-3.jpg
607	0.000000	guitar/sRLBZRa7-16.jpg
1188	1.000000	others/a4RmSbSY-35.jpg
240	0.000000	guitar/OJvTslgM-1.jpg
921	1.000000	others/MvjuHQLy-10.jpg
754	1.000000	others/1hMqhm36-40.jpg
1079	1.000000	others/SvaB8Sct-9.jpg
1117	1.000000	others/VaJ1xFc6-7.jpg
323	0.000000	guitar/VPGU8VXv-12.jpg
1397	1.000000	others/uIGZcn0G-7.jpg
2	0.000000	guitar/07zO2agX-11.jpg
1087	1.000000	others/VaJ1xFc6-16.jpg
459	0.000000	guitar/ZmjMhFx5-27.jpg
109	0.000000	guitar/8txMgu5e-36.jpg
154	0.000000	guitar/A81JFMtw-40.jpg
1416	1.000000	others/vwIe4h3S-24.jpg
65	0.000000	guitar/42tXNfUj-32.jpg
201	0.000000	guitar/HuquYUUP-10.jpg
387	0.000000	guitar/XoyM3MN6-34.jpg
1265	1.000000	others/epbjBgpC-32.jpg
455	0.000000	guitar/ZmjMhFx5-23.jpg
1425	1.000000	others/vwIe4h3S-32.jpg
284	0.000000	guitar/SquMCBfp-13.jpg
498	0.000000	guitar/l8WGKWOs-26.jpg
15	0.000000	guitar/07zO2agX-23.jpg
761	1.000000	others/3Y7c0jyg-10.jpg
178	0.000000	guitar/BTozQQLn-26.jpg
622	0.000000	guitar/sRLBZRa7-3.jpg
580	0.000000	guitar/rX9iTLtz-28.jpg
549	0.000000	guitar/p4KI1Su2-36.jpg
1031	1.000000	others/RojXO1X2-38.jpg
374	0.000000	guitar/XoyM3MN6-22.jpg
786	1.000000	others/3Y7c0jyg-33.jpg
671	0.000000	guitar/v7phsv8r-38.jpg
833	1.000000	others/4IQMXETy-4.jpg
529	0.000000	guitar/p4KI1Su2-18.jpg
718	0.000000	guitar/vUNpYmJo-8.jpg
1411	1.000000	others/vwIe4h3S-2.jpg
600	0.000000	guitar/sRLBZRa7-1.jpg
1201	1.000000	others/bBKTAb1I-10.jpg
1343	1.000000	others/iltEqifE-30.jpg
30	0.000000	guitar/07zO2agX-37.jpg
1100	1.000000	others/VaJ1xFc6-28.jpg
1012	1.000000	others/RojXO1X2-20.jpg
215	0.000000	guitar/HuquYUUP-23.jpg
785	1.000000	others/3Y7c0jyg-32.jpg
105	0.000000	guitar/8txMgu5e-32.jpg
1280	1.000000	others/ibTp2xfZ-1.jpg
395	0.000000	guitar/XoyM3MN6-5.jpg
379	0.000000	guitar/XoyM3MN6-27.jpg
676	0.000000	guitar/v7phsv8r-6.jpg
67	0.000000	guitar/42tXNfUj-34.jpg
1014	1.000000	others/RojXO1X2-22.jpg
932	1.000000	others/MvjuHQLy-20.jpg
497	0.000000	guitar/l8WGKWOs-25.jpg
1237	1.000000	others/bBKTAb1I-7.jpg
454	0.000000	guitar/ZmjMhFx5-22.jpg
473	0.000000	guitar/ZmjMhFx5-4.jpg
439	0.000000	guitar/Y7xzdjv8-9.jpg
161	0.000000	guitar/BTozQQLn-10.jpg
959	1.000000	others/MvjuHQLy-9.jpg
37	0.000000	guitar/07zO2agX-7.jpg
471	0.000000	guitar/ZmjMhFx5-38.jpg
117	0.000000	guitar/8txMgu5e-7.jpg
1351	1.000000	others/iltEqifE-38.jpg
1042	1.000000	others/SvaB8Sct-11.jpg
219	0.000000	guitar/HuquYUUP-27.jpg
621	0.000000	guitar/sRLBZRa7-29.jpg
1108	1.000000	others/VaJ1xFc6-35.jpg
61	0.000000	guitar/42tXNfUj-29.jpg
1310	1.000000	others/ibTp2xfZ-37.jpg
1052	1.000000	others/SvaB8Sct-20.jpg
830	1.000000	others/4IQMXETy-37.jpg
307	0.000000	guitar/SquMCBfp-34.jpg
706	0.000000	guitar/vUNpYmJo-33.jpg
763	1.000000	others/3Y7c0jyg-12.jpg
1095	1.000000	others/VaJ1xFc6-23.jpg
17	0.000000	guitar/07zO2agX-25.jpg
1041	1.000000	others/SvaB8Sct-10.jpg
1218	1.000000	others/bBKTAb1I-26.jpg
172	0.000000	guitar/BTozQQLn-20.jpg
48	0.000000	guitar/42tXNfUj-17.jpg
878	1.000000	others/9HlCyLge-8.jpg
169	0.000000	guitar/BTozQQLn-18.jpg
712	0.000000	guitar/vUNpYmJo-39.jpg
642	0.000000	guitar/v7phsv8r-11.jpg
1433	1.000000	others/vwIe4h3S-4.jpg
618	0.000000	guitar/sRLBZRa7-26.jpg
274	0.000000	guitar/OJvTslgM-40.jpg
999	1.000000	others/O9pBY0Ij-9.jpg
1352	1.000000	others/iltEqifE-39.jpg
865	1.000000	others/9HlCyLge-32.jpg
1274	1.000000	others/epbjBgpC-40.jpg
1002	1.000000	others/RojXO1X2-11.jpg
385	0.000000	guitar/XoyM3MN6-32.jpg
1156	1.000000	others/WMtdoorh-6.jpg
1020	1.000000	others/RojXO1X2-28.jpg
64	0.000000	guitar/42tXNfUj-31.jpg
1358	1.000000	others/iltEqifE-8.jpg
1256	1.000000	others/epbjBgpC-24.jpg
309	0.000000	guitar/SquMCBfp-36.jpg
1194	1.000000	others/a4RmSbSY-40.jpg
1221	1.000000	others/bBKTAb1I-29.jpg
808	1.000000	others/4IQMXETy-17.jpg
609	0.000000	guitar/sRLBZRa7-18.jpg
1290	1.000000	others/ibTp2xfZ-19.jpg
36	0.000000	guitar/07zO2agX-6.jpg
943	1.000000	others/MvjuHQLy-30.jpg
1323	1.000000	others/iltEqifE-12.jpg
668	0.000000	guitar/v7phsv8r-35.jpg
338	0.000000	guitar/VPGU8VXv-26.jpg
596	0.000000	guitar/rX9iTLtz-6.jpg
409	0.000000	guitar/Y7xzdjv8-18.jpg
912	1.000000	others/CfF36h4p-39.jpg
196	0.000000	guitar/BTozQQLn-6.jpg
1419	1.000000	others/vwIe4h3S-27.jpg
1298	1.000000	others/ibTp2xfZ-26.jpg
598	0.000000	guitar/rX9iTLtz-8.jpg
1268	1.000000	others/epbjBgpC-35.jpg
102	0.000000	guitar/8txMgu5e-3.jpg
341	0.000000	guitar/VPGU8VXv-29.jpg
689	0.000000	guitar/vUNpYmJo-18.jpg
1162	1.000000	others/a4RmSbSY-11.jpg
521	0.000000	guitar/p4KI1Su2-10.jpg
1235	1.000000	others/bBKTAb1I-5.jpg
1258	1.000000	others/epbjBgpC-26.jpg
224	0.000000	guitar/HuquYUUP-31.jpg
800	1.000000	others/4IQMXETy-1.jpg
216	0.000000	guitar/HuquYUUP-24.jpg
709	0.000000	guitar/vUNpYmJo-36.jpg
1059	1.000000	others/SvaB8Sct-27.jpg
425	0.000000	guitar/Y7xzdjv8-32.jpg
1430	1.000000	others/vwIe4h3S-37.jpg
868	1.000000	others/9HlCyLge-35.jpg
918	1.000000	others/CfF36h4p-8.jpg
189	0.000000	guitar/BTozQQLn-36.jpg
1308	1.000000	others/ibTp2xfZ-35.jpg
858	1.000000	others/9HlCyLge-26.jpg
10	0.000000	guitar/07zO2agX-19.jpg
579	0.000000	guitar/rX9iTLtz-27.jpg
791	1.000000	others/3Y7c0jyg-38.jpg
1215	1.000000	others/bBKTAb1I-23.jpg
39	0.000000	guitar/07zO2agX-9.jpg
399	0.000000	guitar/XoyM3MN6-9.jpg
907	1.000000	others/CfF36h4p-34.jpg
1222	1.000000	others/bBKTAb1I-3.jpg
685	0.000000	guitar/vUNpYmJo-14.jpg
883	1.000000	others/CfF36h4p-12.jpg
1278	1.000000	others/epbjBgpC-8.jpg
1270	1.000000	others/epbjBgpC-37.jpg
963	1.000000	others/O9pBY0Ij-12.jpg
511	0.000000	guitar/l8WGKWOs-38.jpg
265	0.000000	guitar/OJvTslgM-32.jpg
1405	1.000000	others/vwIe4h3S-14.jpg
561	0.000000	guitar/rX9iTLtz-10.jpg
1001	1.000000	others/RojXO1X2-10.jpg
553	0.000000	guitar/p4KI1Su2-4.jpg
1066	1.000000	others/SvaB8Sct-33.jpg
658	0.000000	guitar/v7phsv8r-26.jpg
62	0.000000	guitar/42tXNfUj-3.jpg
429	0.000000	guitar/Y7xzdjv8-36.jpg
51	0.000000	guitar/42tXNfUj-2.jpg
185	0.000000	guitar/BTozQQLn-32.jpg
467	0.000000	guitar/ZmjMhFx5-34.jpg
1154	1.000000	others/WMtdoorh-40.jpg
1088	1.000000	others/VaJ1xFc6-17.jpg
996	1.000000	others/O9pBY0Ij-6.jpg
3	0.000000	guitar/07zO2agX-12.jpg
1183	1.000000	others/a4RmSbSY-30.jpg
803	1.000000	others/4IQMXETy-12.jpg
730	1.000000	others/1hMqhm36-19.jpg
447	0.000000	guitar/ZmjMhFx5-16.jpg
355	0.000000	guitar/VPGU8VXv-5.jpg
1044	1.000000	others/SvaB8Sct-13.jpg
100	0.000000	guitar/8txMgu5e-28.jpg
753	1.000000	others/1hMqhm36-4.jpg
1093	1.000000	others/VaJ1xFc6-21.jpg
567	0.000000	guitar/rX9iTLtz-16.jpg
557	0.000000	guitar/p4KI1Su2-7.jpg
695	0.000000	guitar/vUNpYmJo-23.jpg
35	0.000000	guitar/07zO2agX-5.jpg
587	0.000000	guitar/rX9iTLtz-34.jpg
16	0.000000	guitar/07zO2agX-24.jpg
1178	1.000000	others/a4RmSbSY-26.jpg
1294	1.000000	others/ibTp2xfZ-22.jpg
942	1.000000	others/MvjuHQLy-3.jpg
1184	1.000000	others/a4RmSbSY-31.jpg
1408	1.000000	others/vwIe4h3S-17.jpg
1181	1.000000	others/a4RmSbSY-29.jpg
151	0.000000	guitar/A81JFMtw-38.jpg
583	0.000000	guitar/rX9iTLtz-30.jpg
1252	1.000000	others/epbjBgpC-20.jpg
582	0.000000	guitar/rX9iTLtz-3.jpg
562	0.000000	guitar/rX9iTLtz-11.jpg
846	1.000000	others/9HlCyLge-15.jpg
769	1.000000	others/3Y7c0jyg-18.jpg
469	0.000000	guitar/ZmjMhFx5-36.jpg
1276	1.000000	others/epbjBgpC-6.jpg
659	0.000000	guitar/v7phsv8r-27.jpg
1058	1.000000	others/SvaB8Sct-26.jpg
343	0.000000	guitar/VPGU8VXv-30.jpg
1161	1.000000	others/a4RmSbSY-10.jpg
1313	1.000000	others/ibTp2xfZ-4.jpg
73	0.000000	guitar/42tXNfUj-4.jpg
1129	1.000000	others/WMtdoorh-18.jpg
606	0.000000	guitar/sRLBZRa7-15.jpg
939	1.000000	others/MvjuHQLy-27.jpg
1413	1.000000	others/vwIe4h3S-21.jpg
465	0.000000	guitar/ZmjMhFx5-32.jpg
494	0.000000	guitar/l8WGKWOs-22.jpg
1350	1.000000	others/iltEqifE-37.jpg
729	1.000000	others/1hMqhm36-18.jpg
572	0.000000	guitar/rX9iTLtz-20.jpg
63	0.000000	guitar/42tXNfUj-30.jpg
175	0.000000	guitar/BTozQQLn-23.jpg
205	0.000000	guitar/HuquYUUP-14.jpg
994	1.000000	others/O9pBY0Ij-40.jpg
1034	1.000000	others/RojXO1X2-40.jpg
83	0.000000	guitar/8txMgu5e-12.jpg
783	1.000000	others/3Y7c0jyg-30.jpg
725	1.000000	others/1hMqhm36-14.jpg
953	1.000000	others/MvjuHQLy-4.jpg
187	0.000000	guitar/BTozQQLn-34.jpg
1377	1.000000	others/uIGZcn0G-25.jpg
121	0.000000	guitar/A81JFMtw-10.jpg
762	1.000000	others/3Y7c0jyg-11.jpg
383	0.000000	guitar/XoyM3MN6-30.jpg
1292	1.000000	others/ibTp2xfZ-20.jpg
283	0.000000	guitar/SquMCBfp-12.jpg
927	1.000000	others/MvjuHQLy-16.jpg
336	0.000000	guitar/VPGU8VXv-24.jpg
951	1.000000	others/MvjuHQLy-38.jpg
745	1.000000	others/1hMqhm36-32.jpg
414	0.000000	guitar/Y7xzdjv8-22.jpg
920	1.000000	others/MvjuHQLy-1.jpg
860	1.000000	others/9HlCyLge-28.jpg
28	0.000000	guitar/07zO2agX-35.jpg
752	1.000000	others/1hMqhm36-39.jpg
739	1.000000	others/1hMqhm36-27.jpg
919	1.000000	others/CfF36h4p-9.jpg
1071	1.000000	others/SvaB8Sct-38.jpg
1191	1.000000	others/a4RmSbSY-38.jpg
1096	1.000000	others/VaJ1xFc6-24.jpg
436	0.000000	guitar/Y7xzdjv8-6.jpg
773	1.000000	others/3Y7c0jyg-21.jpg
1333	1.000000	others/iltEqifE-21.jpg
637	0.000000	guitar/sRLBZRa7-7.jpg
1279	1.000000	others/epbjBgpC-9.jpg
31	0.000000	guitar/07zO2agX-38.jpg
997	1.000000	others/O9pBY0Ij-7.jpg
592	0.000000	guitar/rX9iTLtz-39.jpg
1227	1.000000	others/bBKTAb1I-34.jpg
1412	1.000000	others/vwIe4h3S-20.jpg
650	0.000000	guitar/v7phsv8r-19.jpg
574	0.000000	guitar/rX9iTLtz-22.jpg
306	0.000000	guitar/SquMCBfp-33.jpg
496	0.000000	guitar/l8WGKWOs-24.jpg
291	0.000000	guitar/SquMCBfp-2.jpg
290	0.000000	guitar/SquMCBfp-19.jpg
732	1.000000	others/1hMqhm36-20.jpg
235	0.000000	guitar/HuquYUUP-5.jpg
635	0.000000	guitar/sRLBZRa7-5.jpg
934	1.000000	others/MvjuHQLy-22.jpg
648	0.000000	guitar/v7phsv8r-17.jpg
1371	1.000000	others/uIGZcn0G-2.jpg
176	0.000000	guitar/BTozQQLn-24.jpg
675	0.000000	guitar/v7phsv8r-5.jpg
1054	1.000000	others/SvaB8Sct-22.jpg
412	0.000000	guitar/Y7xzdjv8-20.jpg
145	0.000000	guitar/A81JFMtw-32.jpg
479	0.000000	guitar/ZmjMhFx5-9.jpg
482	0.000000	guitar/l8WGKWOs-11.jpg
406	0.000000	guitar/Y7xzdjv8-15.jpg
150	0.000000	guitar/A81JFMtw-37.jpg
345	0.000000	guitar/VPGU8VXv-32.jpg
1424	1.000000	others/vwIe4h3S-31.jpg
239	0.000000	guitar/HuquYUUP-9.jpg
238	0.000000	guitar/HuquYUUP-8.jpg
649	0.000000	guitar/v7phsv8r-18.jpg
519	0.000000	guitar/l8WGKWOs-9.jpg
452	0.000000	guitar/ZmjMhFx5-20.jpg
1084	1.000000	others/VaJ1xFc6-13.jpg
1099	1.000000	others/VaJ1xFc6-27.jpg
160	0.000000	guitar/BTozQQLn-1.jpg
104	0.000000	guitar/8txMgu5e-31.jpg
271	0.000000	guitar/OJvTslgM-38.jpg
1140	1.000000	others/WMtdoorh-28.jpg
1404	1.000000	others/vwIe4h3S-13.jpg
660	0.000000	guitar/v7phsv8r-28.jpg
1065	1.000000	others/SvaB8Sct-32.jpg
947	1.000000	others/MvjuHQLy-34.jpg
636	0.000000	guitar/sRLBZRa7-6.jpg
530	0.000000	guitar/p4KI1Su2-19.jpg
1396	1.000000	others/uIGZcn0G-6.jpg
588	0.000000	guitar/rX9iTLtz-35.jpg
1305	1.000000	others/ibTp2xfZ-32.jpg
903	1.000000	others/CfF36h4p-30.jpg
989	1.000000	others/O9pBY0Ij-36.jpg
670	0.000000	guitar/v7phsv8r-37.jpg
206	0.000000	guitar/HuquYUUP-15.jpg
691	0.000000	guitar/vUNpYmJo-2.jpg
604	0.000000	guitar/sRLBZRa7-13.jpg
877	1.000000	others/9HlCyLge-7.jpg
817	1.000000	others/4IQMXETy-25.jpg
26	0.000000	guitar/07zO2agX-33.jpg
352	0.000000	guitar/VPGU8VXv-39.jpg
1173	1.000000	others/a4RmSbSY-21.jpg
968	1.000000	others/O9pBY0Ij-17.jpg
881	1.000000	others/CfF36h4p-10.jpg
707	0.000000	guitar/vUNpYmJo-34.jpg
829	1.000000	others/4IQMXETy-36.jpg
540	0.000000	guitar/p4KI1Su2-28.jpg
94	0.000000	guitar/8txMgu5e-22.jpg
723	1.000000	others/1hMqhm36-12.jpg
991	1.000000	others/O9pBY0Ij-38.jpg
50	0.000000	guitar/42tXNfUj-19.jpg
276	0.000000	guitar/OJvTslgM-6.jpg
1360	1.000000	others/uIGZcn0G-1.jpg
677	0.000000	guitar/v7phsv8r-7.jpg
214	0.000000	guitar/HuquYUUP-22.jpg
408	0.000000	guitar/Y7xzdjv8-17.jpg
1068	1.000000	others/SvaB8Sct-35.jpg
534	0.000000	guitar/p4KI1Su2-22.jpg
125	0.000000	guitar/A81JFMtw-14.jpg
1238	1.000000	others/bBKTAb1I-8.jpg
78	0.000000	guitar/42tXNfUj-8.jpg
1399	1.000000	others/uIGZcn0G-9.jpg
1439	1.000000	others/vwIe4h3S-9.jpg
367	0.000000	guitar/XoyM3MN6-16.jpg
608	0.000000	guitar/sRLBZRa7-17.jpg
1241	1.000000	others/epbjBgpC-10.jpg
638	0.000000	guitar/sRLBZRa7-8.jpg
1380	1.000000	others/uIGZcn0G-28.jpg
1214	1.000000	others/bBKTAb1I-22.jpg
141	0.000000	guitar/A81JFMtw-29.jpg
1047	1.000000	others/SvaB8Sct-16.jpg
260	0.000000	guitar/OJvTslgM-28.jpg
421	0.000000	guitar/Y7xzdjv8-29.jpg
1362	1.000000	others/uIGZcn0G-11.jpg
688	0.000000	guitar/vUNpYmJo-17.jpg
673	0.000000	guitar/v7phsv8r-4.jpg
726	1.000000	others/1hMqhm36-15.jpg
1011	1.000000	others/RojXO1X2-2.jpg
776	1.000000	others/3Y7c0jyg-24.jpg
381	0.000000	guitar/XoyM3MN6-29.jpg
958	1.000000	others/MvjuHQLy-8.jpg
34	0.000000	guitar/07zO2agX-40.jpg
1273	1.000000	others/epbjBgpC-4.jpg
1288	1.000000	others/ibTp2xfZ-17.jpg
0	0.000000	guitar/07zO2agX-1.jpg
898	1.000000	others/CfF36h4p-26.jpg
843	1.000000	others/9HlCyLge-12.jpg
1291	1.000000	others/ibTp2xfZ-2.jpg
1055	1.000000	others/SvaB8Sct-23.jpg
1301	1.000000	others/ibTp2xfZ-29.jpg
285	0.000000	guitar/SquMCBfp-14.jpg
1132	1.000000	others/WMtdoorh-20.jpg
358	0.000000	guitar/VPGU8VXv-8.jpg
356	0.000000	guitar/VPGU8VXv-6.jpg
682	0.000000	guitar/vUNpYmJo-11.jpg
375	0.000000	guitar/XoyM3MN6-23.jpg
1019	1.000000	others/RojXO1X2-27.jpg
770	1.000000	others/3Y7c0jyg-19.jpg
1004	1.000000	others/RojXO1X2-13.jpg
489	0.000000	guitar/l8WGKWOs-18.jpg
630	0.000000	guitar/sRLBZRa7-37.jpg
1028	1.000000	others/RojXO1X2-35.jpg
1086	1.000000	others/VaJ1xFc6-15.jpg
531	0.000000	guitar/p4KI1Su2-2.jpg
1111	1.000000	others/VaJ1xFc6-38.jpg
273	0.000000	guitar/OJvTslgM-4.jpg
389	0.000000	guitar/XoyM3MN6-36.jpg
1046	1.000000	others/SvaB8Sct-15.jpg
228	0.000000	guitar/HuquYUUP-35.jpg
76	0.000000	guitar/42tXNfUj-6.jpg
116	0.000000	guitar/8txMgu5e-6.jpg
901	1.000000	others/CfF36h4p-29.jpg
1128	1.000000	others/WMtdoorh-17.jpg
391	0.000000	guitar/XoyM3MN6-38.jpg
396	0.000000	guitar/XoyM3MN6-6.jpg
1085	1.000000	others/VaJ1xFc6-14.jpg
1357	1.000000	others/iltEqifE-7.jpg
20	0.000000	guitar/07zO2agX-28.jpg
59	0.000000	guitar/42tXNfUj-27.jpg
764	1.000000	others/3Y7c0jyg-13.jpg
522	0.000000	guitar/p4KI1Su2-11.jpg
1126	1.000000	others/WMtdoorh-15.jpg
143	0.000000	guitar/A81JFMtw-30.jpg
913	1.000000	others/CfF36h4p-4.jpg
584	0.000000	guitar/rX9iTLtz-31.jpg
571	0.000000	guitar/rX9iTLtz-2.jpg
118	0.000000	guitar/8txMgu5e-8.jpg
1389	1.000000	others/uIGZcn0G-36.jpg
1375	1.000000	others/uIGZcn0G-23.jpg
796	1.000000	others/3Y7c0jyg-6.jpg
1199	1.000000	others/a4RmSbSY-9.jpg
1378	1.000000	others/uIGZcn0G-26.jpg
946	1.000000	others/MvjuHQLy-33.jpg
1407	1.000000	others/vwIe4h3S-16.jpg
1293	1.000000	others/ibTp2xfZ-21.jpg
875	1.000000	others/9HlCyLge-5.jpg
537	0.000000	guitar/p4KI1Su2-25.jpg
303	0.000000	guitar/SquMCBfp-30.jpg
1206	1.000000	others/bBKTAb1I-15.jpg
1300	1.000000	others/ibTp2xfZ-28.jpg
1260	1.000000	others/epbjBgpC-28.jpg
856	1.000000	others/9HlCyLge-24.jpg
952	1.000000	others/MvjuHQLy-39.jpg
848	1.000000	others/9HlCyLge-17.jpg
1089	1.000000	others/VaJ1xFc6-18.jpg
772	1.000000	others/3Y7c0jyg-20.jpg
1112	1.000000	others/VaJ1xFc6-39.jpg
1216	1.000000	others/bBKTAb1I-24.jpg
1289	1.000000	others/ibTp2xfZ-18.jpg
146	0.000000	guitar/A81JFMtw-33.jpg
1429	1.000000	others/vwIe4h3S-36.jpg
1069	1.000000	others/SvaB8Sct-36.jpg
750	1.000000	others/1hMqhm36-37.jpg
1435	1.000000	others/vwIe4h3S-5.jpg
925	1.000000	others/MvjuHQLy-14.jpg
1245	1.000000	others/epbjBgpC-14.jpg
789	1.000000	others/3Y7c0jyg-36.jpg
113	0.000000	guitar/8txMgu5e-4.jpg
1127	1.000000	others/WMtdoorh-16.jpg
410	0.000000	guitar/Y7xzdjv8-19.jpg
1336	1.000000	others/iltEqifE-24.jpg
969	1.000000	others/O9pBY0Ij-18.jpg
1120	1.000000	others/WMtdoorh-1.jpg
293	0.000000	guitar/SquMCBfp-21.jpg
1150	1.000000	others/WMtdoorh-37.jpg
842	1.000000	others/9HlCyLge-11.jpg
210	0.000000	guitar/HuquYUUP-19.jpg
144	0.000000	guitar/A81JFMtw-31.jpg
484	0.000000	guitar/l8WGKWOs-13.jpg
128	0.000000	guitar/A81JFMtw-17.jpg
1228	1.000000	others/bBKTAb1I-35.jpg
866	1.000000	others/9HlCyLge-33.jpg
541	0.000000	guitar/p4KI1Su2-29.jpg
1339	1.000000	others/iltEqifE-27.jpg
651	0.000000	guitar/v7phsv8r-2.jpg
500	0.000000	guitar/l8WGKWOs-28.jpg
458	0.000000	guitar/ZmjMhFx5-26.jpg
813	1.000000	others/4IQMXETy-21.jpg
1027	1.000000	others/RojXO1X2-34.jpg
831	1.000000	others/4IQMXETy-38.jpg
1249	1.000000	others/epbjBgpC-18.jpg
1148	1.000000	others/WMtdoorh-35.jpg
735	1.000000	others/1hMqhm36-23.jpg
840	1.000000	others/9HlCyLge-1.jpg
461	0.000000	guitar/ZmjMhFx5-29.jpg
1030	1.000000	others/RojXO1X2-37.jpg
1402	1.000000	others/vwIe4h3S-11.jpg
295	0.000000	guitar/SquMCBfp-23.jpg
1	0.000000	guitar/07zO2agX-10.jpg
906	1.000000	others/CfF36h4p-33.jpg
1254	1.000000	others/epbjBgpC-22.jpg
1179	1.000000	others/a4RmSbSY-27.jpg
82	0.000000	guitar/8txMgu5e-11.jpg
697	0.000000	guitar/vUNpYmJo-25.jpg
617	0.000000	guitar/sRLBZRa7-25.jpg
765	1.000000	others/3Y7c0jyg-14.jpg
1040	1.000000	others/SvaB8Sct-1.jpg
809	1.000000	others/4IQMXETy-18.jpg
253	0.000000	guitar/OJvTslgM-21.jpg
859	1.000000	others/9HlCyLge-27.jpg
444	0.000000	guitar/ZmjMhFx5-13.jpg
1220	1.000000	others/bBKTAb1I-28.jpg
1225	1.000000	others/bBKTAb1I-32.jpg
1203	1.000000	others/bBKTAb1I-12.jpg
1167	1.000000	others/a4RmSbSY-16.jpg
339	0.000000	guitar/VPGU8VXv-27.jpg
404	0.000000	guitar/Y7xzdjv8-13.jpg
1208	1.000000	others/bBKTAb1I-17.jpg
1105	1.000000	others/VaJ1xFc6-32.jpg
415	0.000000	guitar/Y7xzdjv8-23.jpg
159	0.000000	guitar/A81JFMtw-9.jpg
727	1.000000	others/1hMqhm36-16.jpg
626	0.000000	guitar/sRLBZRa7-33.jpg
346	0.000000	guitar/VPGU8VXv-33.jpg
87	0.000000	guitar/8txMgu5e-16.jpg
1077	1.000000	others/SvaB8Sct-7.jpg
1190	1.000000	others/a4RmSbSY-37.jpg
646	0.000000	guitar/v7phsv8r-15.jpg
910	1.000000	others/CfF36h4p-37.jpg
1353	1.000000	others/iltEqifE-4.jpg
628	0.000000	guitar/sRLBZRa7-35.jpg
502	0.000000	guitar/l8WGKWOs-3.jpg
1240	1.000000	others/epbjBgpC-1.jpg
92	0.000000	guitar/8txMgu5e-20.jpg
88	0.000000	guitar/8txMgu5e-17.jpg
186	0.000000	guitar/BTozQQLn-33.jpg
318	0.000000	guitar/SquMCBfp-8.jpg
1437	1.000000	others/vwIe4h3S-7.jpg
644	0.000000	guitar/v7phsv8r-13.jpg
700	0.000000	guitar/vUNpYmJo-28.jpg
507	0.000000	guitar/l8WGKWOs-34.jpg
43	0.000000	guitar/42tXNfUj-12.jpg
902	1.000000	others/CfF36h4p-3.jpg
893	1.000000	others/CfF36h4p-21.jpg
701	0.000000	guitar/vUNpYmJo-29.jpg
566	0.000000	guitar/rX9iTLtz-15.jpg
640	0.000000	guitar/v7phsv8r-1.jpg
788	1.000000	others/3Y7c0jyg-35.jpg
756	1.000000	others/1hMqhm36-6.jpg
569	0.000000	guitar/rX9iTLtz-18.jpg
981	1.000000	others/O9pBY0Ij-29.jpg
1200	1.000000	others/bBKTAb1I-1.jpg
1406	1.000000	others/vwIe4h3S-15.jpg
202	0.000000	guitar/HuquYUUP-11.jpg
166	0.000000	guitar/BTozQQLn-15.jpg
551	0.000000	guitar/p4KI1Su2-38.jpg
9	0.000000	guitar/07zO2agX-18.jpg
1157	1.000000	others/WMtdoorh-7.jpg
1364	1.000000	others/uIGZcn0G-13.jpg
1082	1.000000	others/VaJ1xFc6-11.jpg
478	0.000000	guitar/ZmjMhFx5-8.jpg
632	0.000000	guitar/sRLBZRa7-39.jpg
766	1.000000	others/3Y7c0jyg-15.jpg
324	0.000000	guitar/VPGU8VXv-13.jpg
589	0.000000	guitar/rX9iTLtz-36.jpg
148	0.000000	guitar/A81JFMtw-35.jpg
1139	1.000000	others/WMtdoorh-27.jpg
704	0.000000	guitar/vUNpYmJo-31.jpg
975	1.000000	others/O9pBY0Ij-23.jpg
559	0.000000	guitar/p4KI1Su2-9.jpg
93	0.000000	guitar/8txMgu5e-21.jpg
832	1.000000	others/4IQMXETy-39.jpg
1421	1.000000	others/vwIe4h3S-29.jpg
1346	1.000000	others/iltEqifE-33.jpg
988	1.000000	others/O9pBY0Ij-35.jpg
573	0.000000	guitar/rX9iTLtz-21.jpg
38	0.000000	guitar/07zO2agX-8.jpg
165	0.000000	guitar/BTozQQLn-14.jpg
503	0.000000	guitar/l8WGKWOs-30.jpg
157	0.000000	guitar/A81JFMtw-7.jpg
361	0.000000	guitar/XoyM3MN6-10.jpg
432	0.000000	guitar/Y7xzdjv8-39.jpg
199	0.000000	guitar/BTozQQLn-9.jpg
1022	1.000000	others/RojXO1X2-3.jpg
505	0.000000	guitar/l8WGKWOs-32.jpg
836	1.000000	others/4IQMXETy-6.jpg
818	1.000000	others/4IQMXETy-26.jpg
1359	1.000000	others/iltEqifE-9.jpg
696	0.000000	guitar/vUNpYmJo-24.jpg
1192	1.000000	others/a4RmSbSY-39.jpg
258	0.000000	guitar/OJvTslgM-26.jpg
1311	1.000000	others/ibTp2xfZ-38.jpg
664	0.000000	guitar/v7phsv8r-31.jpg
744	1.000000	others/1hMqhm36-31.jpg
814	1.000000	others/4IQMXETy-22.jpg
591	0.000000	guitar/rX9iTLtz-38.jpg
937	1.000000	others/MvjuHQLy-25.jpg
528	0.000000	guitar/p4KI1Su2-17.jpg
85	0.000000	guitar/8txMgu5e-14.jpg
728	1.000000	others/1hMqhm36-17.jpg
152	0.000000	guitar/A81JFMtw-39.jpg
1316	1.000000	others/ibTp2xfZ-6.jpg
1021	1.000000	others/RojXO1X2-29.jpg
542	0.000000	guitar/p4KI1Su2-3.jpg
80	0.000000	guitar/8txMgu5e-1.jpg
690	0.000000	guitar/vUNpYmJo-19.jpg
955	1.000000	others/MvjuHQLy-5.jpg
44	0.000000	guitar/42tXNfUj-13.jpg
826	1.000000	others/4IQMXETy-33.jpg
488	0.000000	guitar/l8WGKWOs-17.jpg
1061	1.000000	others/SvaB8Sct-29.jpg
438	0.000000	guitar/Y7xzdjv8-8.jpg
758	1.000000	others/1hMqhm36-8.jpg
1176	1.000000	others/a4RmSbSY-24.jpg
347	0.000000	guitar/VPGU8VXv-34.jpg
1149	1.000000	others/WMtdoorh-36.jpg
1251	1.000000	others/epbjBgpC-2.jpg
190	0.000000	guitar/BTozQQLn-37.jpg
851	1.000000	others/9HlCyLge-2.jpg
1382	1.000000	others/uIGZcn0G-3.jpg
360	0.000000	guitar/XoyM3MN6-1.jpg
1124	1.000000	others/WMtdoorh-13.jpg
493	0.000000	guitar/l8WGKWOs-21.jpg
545	0.000000	guitar/p4KI1Su2-32.jpg
56	0.000000	guitar/42tXNfUj-24.jpg
1338	1.000000	others/iltEqifE-26.jpg
532	0.000000	guitar/p4KI1Su2-20.jpg
802	1.000000	others/4IQMXETy-11.jpg
819	1.000000	others/4IQMXETy-27.jpg
1202	1.000000	others/bBKTAb1I-11.jpg
445	0.000000	guitar/ZmjMhFx5-14.jpg
518	0.000000	guitar/l8WGKWOs-8.jpg
544	0.000000	guitar/p4KI1Su2-31.jpg
419	0.000000	guitar/Y7xzdjv8-27.jpg
1400	1.000000	others/vwIe4h3S-1.jpg
892	1.000000	others/CfF36h4p-20.jpg
398	0.000000	guitar/XoyM3MN6-8.jpg
317	0.000000	guitar/SquMCBfp-7.jpg
781	1.000000	others/3Y7c0jyg-29.jpg
870	1.000000	others/9HlCyLge-37.jpg
124	0.000000	guitar/A81JFMtw-13.jpg
1018	1.000000	others/RojXO1X2-26.jpg
170	0.000000	guitar/BTozQQLn-19.jpg
14	0.000000	guitar/07zO2agX-22.jpg
1170	1.000000	others/a4RmSbSY-19.jpg
1210	1.000000	others/bBKTAb1I-19.jpg
1372	1.000000	others/uIGZcn0G-20.jpg
86	0.000000	guitar/8txMgu5e-15.jpg
967	1.000000	others/O9pBY0Ij-16.jpg
1394	1.000000	others/uIGZcn0G-40.jpg
1063	1.000000	others/SvaB8Sct-30.jpg
1422	1.000000	others/vwIe4h3S-3.jpg
32	0.000000	guitar/07zO2agX-39.jpg
908	1.000000	others/CfF36h4p-35.jpg
226	0.000000	guitar/HuquYUUP-33.jpg
312	0.000000	guitar/SquMCBfp-39.jpg
548	0.000000	guitar/p4KI1Su2-35.jpg
643	0.000000	guitar/v7phsv8r-12.jpg
1418	1.000000	others/vwIe4h3S-26.jpg
645	0.000000	guitar/v7phsv8r-14.jpg
1213	1.000000	others/bBKTAb1I-21.jpg
167	0.000000	guitar/BTozQQLn-16.jpg
867	1.000000	others/9HlCyLge-34.jpg
1269	1.000000	others/epbjBgpC-36.jpg
314	0.000000	guitar/SquMCBfp-40.jpg
702	0.000000	guitar/vUNpYmJo-3.jpg
320	0.000000	guitar/VPGU8VXv-1.jpg
180	0.000000	guitar/BTozQQLn-28.jpg
666	0.000000	guitar/v7phsv8r-33.jpg
393	0.000000	guitar/XoyM3MN6-4.jpg
896	1.000000	others/CfF36h4p-24.jpg
624	0.000000	guitar/sRLBZRa7-31.jpg
627	0.000000	guitar/sRLBZRa7-34.jpg
212	0.000000	guitar/HuquYUUP-20.jpg
1366	1.000000	others/uIGZcn0G-15.jpg
245	0.000000	guitar/OJvTslgM-14.jpg
657	0.000000	guitar/v7phsv8r-25.jpg
751	1.000000	others/1hMqhm36-38.jpg
1330	1.000000	others/iltEqifE-19.jpg
1335	1.000000	others/iltEqifE-23.jpg
22	0.000000	guitar/07zO2agX-3.jpg
948	1.000000	others/MvjuHQLy-35.jpg
476	0.000000	guitar/ZmjMhFx5-6.jpg
81	0.000000	guitar/8txMgu5e-10.jpg
376	0.000000	guitar/XoyM3MN6-24.jpg
218	0.000000	guitar/HuquYUUP-26.jpg
1073	1.000000	others/SvaB8Sct-4.jpg
1341	1.000000	others/iltEqifE-29.jpg
60	0.000000	guitar/42tXNfUj-28.jpg
524	0.000000	guitar/p4KI1Su2-13.jpg
1036	1.000000	others/RojXO1X2-6.jpg
97	0.000000	guitar/8txMgu5e-25.jpg
1008	1.000000	others/RojXO1X2-17.jpg
416	0.000000	guitar/Y7xzdjv8-24.jpg
977	1.000000	others/O9pBY0Ij-25.jpg
1045	1.000000	others/SvaB8Sct-14.jpg
717	0.000000	guitar/vUNpYmJo-7.jpg
979	1.000000	others/O9pBY0Ij-27.jpg
106	0.000000	guitar/8txMgu5e-33.jpg
961	1.000000	others/O9pBY0Ij-10.jpg
256	0.000000	guitar/OJvTslgM-24.jpg
182	0.000000	guitar/BTozQQLn-3.jpg
1122	1.000000	others/WMtdoorh-11.jpg
231	0.000000	guitar/HuquYUUP-38.jpg
1037	1.000000	others/RojXO1X2-7.jpg
460	0.000000	guitar/ZmjMhFx5-28.jpg
29	0.000000	guitar/07zO2agX-36.jpg
71	0.000000	guitar/42tXNfUj-38.jpg
468	0.000000	guitar/ZmjMhFx5-35.jpg
713	0.000000	guitar/vUNpYmJo-4.jpg
464	0.000000	guitar/ZmjMhFx5-31.jpg
576	0.000000	guitar/rX9iTLtz-24.jpg
966	1.000000	others/O9pBY0Ij-15.jpg
237	0.000000	guitar/HuquYUUP-7.jpg
661	0.000000	guitar/v7phsv8r-29.jpg
992	1.000000	others/O9pBY0Ij-39.jpg
1423	1.000000	others/vwIe4h3S-30.jpg
777	1.000000	others/3Y7c0jyg-25.jpg
1158	1.000000	others/WMtdoorh-8.jpg
733	1.000000	others/1hMqhm36-21.jpg
348	0.000000	guitar/VPGU8VXv-35.jpg
300	0.000000	guitar/SquMCBfp-28.jpg
1135	1.000000	others/WMtdoorh-23.jpg
287	0.000000	guitar/SquMCBfp-16.jpg
1356	1.000000	others/iltEqifE-6.jpg
1160	1.000000	others/a4RmSbSY-1.jpg
1136	1.000000	others/WMtdoorh-24.jpg
195	0.000000	guitar/BTozQQLn-5.jpg
601	0.000000	guitar/sRLBZRa7-10.jpg
181	0.000000	guitar/BTozQQLn-29.jpg
217	0.000000	guitar/HuquYUUP-25.jpg
984	1.000000	others/O9pBY0Ij-31.jpg
316	0.000000	guitar/SquMCBfp-6.jpg
1395	1.000000	others/uIGZcn0G-5.jpg
40	0.000000	guitar/42tXNfUj-1.jpg
852	1.000000	others/9HlCyLge-20.jpg
904	1.000000	others/CfF36h4p-31.jpg
95	0.000000	guitar/8txMgu5e-23.jpg
142	0.000000	guitar/A81JFMtw-3.jpg
179	0.000000	guitar/BTozQQLn-27.jpg
719	0.000000	guitar/vUNpYmJo-9.jpg
880	1.000000	others/CfF36h4p-1.jpg
938	1.000000	others/MvjuHQLy-26.jpg
805	1.000000	others/4IQMXETy-14.jpg
1384	1.000000	others/uIGZcn0G-31.jpg
456	0.000000	guitar/ZmjMhFx5-24.jpg
1185	1.000000	others/a4RmSbSY-32.jpg
1284	1.000000	others/ibTp2xfZ-13.jpg
257	0.000000	guitar/OJvTslgM-25.jpg
616	0.000000	guitar/sRLBZRa7-24.jpg
227	0.000000	guitar/HuquYUUP-34.jpg
1033	1.000000	others/RojXO1X2-4.jpg
1196	1.000000	others/a4RmSbSY-6.jpg
1197	1.000000	others/a4RmSbSY-7.jpg
1361	1.000000	others/uIGZcn0G-10.jpg
278	0.000000	guitar/OJvTslgM-8.jpg
936	1.000000	others/MvjuHQLy-24.jpg
149	0.000000	guitar/A81JFMtw-36.jpg
554	0.000000	guitar/p4KI1Su2-40.jpg
1125	1.000000	others/WMtdoorh-14.jpg
1180	1.000000	others/a4RmSbSY-28.jpg
1230	1.000000	others/bBKTAb1I-37.jpg
1322	1.000000	others/iltEqifE-11.jpg
435	0.000000	guitar/Y7xzdjv8-5.jpg
400	0.000000	guitar/Y7xzdjv8-1.jpg
914	1.000000	others/CfF36h4p-40.jpg
782	1.000000	others/3Y7c0jyg-3.jpg
779	1.000000	others/3Y7c0jyg-27.jpg
1436	1.000000	others/vwIe4h3S-6.jpg
811	1.000000	others/4IQMXETy-2.jpg
1039	1.000000	others/RojXO1X2-9.jpg
654	0.000000	guitar/v7phsv8r-22.jpg
27	0.000000	guitar/07zO2agX-34.jpg
6	0.000000	guitar/07zO2agX-15.jpg
325	0.000000	guitar/VPGU8VXv-14.jpg
294	0.000000	guitar/SquMCBfp-22.jpg
1383	1.000000	others/uIGZcn0G-30.jpg
721	1.000000	others/1hMqhm36-10.jpg
46	0.000000	guitar/42tXNfUj-15.jpg
171	0.000000	guitar/BTozQQLn-2.jpg
377	0.000000	guitar/XoyM3MN6-25.jpg
69	0.000000	guitar/42tXNfUj-36.jpg
909	1.000000	others/CfF36h4p-36.jpg
663	0.000000	guitar/v7phsv8r-30.jpg
722	1.000000	others/1hMqhm36-11.jpg
1354	1.000000	others/iltEqifE-40.jpg
177	0.000000	guitar/BTozQQLn-25.jpg
47	0.000000	guitar/42tXNfUj-16.jpg
610	0.000000	guitar/sRLBZRa7-19.jpg
449	0.000000	guitar/ZmjMhFx5-18.jpg
163	0.000000	guitar/BTozQQLn-12.jpg
19	0.000000	guitar/07zO2agX-27.jpg
824	1.000000	others/4IQMXETy-31.jpg
475	0.000000	guitar/ZmjMhFx5-5.jpg
603	0.000000	guitar/sRLBZRa7-12.jpg
1143	1.000000	others/WMtdoorh-30.jpg
1391	1.000000	others/uIGZcn0G-38.jpg
77	0.000000	guitar/42tXNfUj-7.jpg
623	0.000000	guitar/sRLBZRa7-30.jpg
1275	1.000000	others/epbjBgpC-5.jpg
5	0.000000	guitar/07zO2agX-14.jpg
555	0.000000	guitar/p4KI1Su2-5.jpg
799	1.000000	others/3Y7c0jyg-9.jpg
1314	1.000000	others/ibTp2xfZ-40.jpg
466	0.000000	guitar/ZmjMhFx5-33.jpg
390	0.000000	guitar/XoyM3MN6-37.jpg
194	0.000000	guitar/BTozQQLn-40.jpg
533	0.000000	guitar/p4KI1Su2-21.jpg
1325	1.000000	others/iltEqifE-14.jpg
550	0.000000	guitar/p4KI1Su2-37.jpg
1224	1.000000	others/bBKTAb1I-31.jpg
158	0.000000	guitar/A81JFMtw-8.jpg
845	1.000000	others/9HlCyLge-14.jpg
427	0.000000	guitar/Y7xzdjv8-34.jpg
297	0.000000	guitar/SquMCBfp-25.jpg
855	1.000000	others/9HlCyLge-23.jpg
514	0.000000	guitar/l8WGKWOs-40.jpg
1187	1.000000	others/a4RmSbSY-34.jpg
1242	1.000000	others/epbjBgpC-11.jpg
397	0.000000	guitar/XoyM3MN6-7.jpg
1072	1.000000	others/SvaB8Sct-39.jpg
930	1.000000	others/MvjuHQLy-19.jpg
1373	1.000000	others/uIGZcn0G-21.jpg
922	1.000000	others/MvjuHQLy-11.jpg
971	1.000000	others/O9pBY0Ij-2.jpg
873	1.000000	others/9HlCyLge-4.jpg
1107	1.000000	others/VaJ1xFc6-34.jpg
75	0.000000	guitar/42tXNfUj-5.jpg
823	1.000000	others/4IQMXETy-30.jpg
136	0.000000	guitar/A81JFMtw-24.jpg
515	0.000000	guitar/l8WGKWOs-5.jpg
251	0.000000	guitar/OJvTslgM-2.jpg
184	0.000000	guitar/BTozQQLn-31.jpg
433	0.000000	guitar/Y7xzdjv8-4.jpg
286	0.000000	guitar/SquMCBfp-15.jpg
1319	1.000000	others/ibTp2xfZ-9.jpg
193	0.000000	guitar/BTozQQLn-4.jpg
322	0.000000	guitar/VPGU8VXv-11.jpg
509	0.000000	guitar/l8WGKWOs-36.jpg
405	0.000000	guitar/Y7xzdjv8-14.jpg
96	0.000000	guitar/8txMgu5e-24.jpg
970	1.000000	others/O9pBY0Ij-19.jpg
101	0.000000	guitar/8txMgu5e-29.jpg
329	0.000000	guitar/VPGU8VXv-18.jpg
911	1.000000	others/CfF36h4p-38.jpg
79	0.000000	guitar/42tXNfUj-9.jpg
1116	1.000000	others/VaJ1xFc6-6.jpg
976	1.000000	others/O9pBY0Ij-24.jpg
1317	1.000000	others/ibTp2xfZ-7.jpg
1266	1.000000	others/epbjBgpC-33.jpg
310	0.000000	guitar/SquMCBfp-37.jpg
820	1.000000	others/4IQMXETy-28.jpg
213	0.000000	guitar/HuquYUUP-21.jpg
798	1.000000	others/3Y7c0jyg-8.jpg
89	0.000000	guitar/8txMgu5e-18.jpg
428	0.000000	guitar/Y7xzdjv8-35.jpg
1347	1.000000	others/iltEqifE-34.jpg
243	0.000000	guitar/OJvTslgM-12.jpg
1075	1.000000	others/SvaB8Sct-5.jpg
1393	1.000000	others/uIGZcn0G-4.jpg
973	1.000000	others/O9pBY0Ij-21.jpg
233	0.000000	guitar/HuquYUUP-4.jpg
25	0.000000	guitar/07zO2agX-32.jpg
1427	1.000000	others/vwIe4h3S-34.jpg
683	0.000000	guitar/vUNpYmJo-12.jpg
731	1.000000	others/1hMqhm36-2.jpg
1163	1.000000	others/a4RmSbSY-12.jpg
1332	1.000000	others/iltEqifE-20.jpg
443	0.000000	guitar/ZmjMhFx5-12.jpg
1272	1.000000	others/epbjBgpC-39.jpg
1074	1.000000	others/SvaB8Sct-40.jpg
634	0.000000	guitar/sRLBZRa7-40.jpg
448	0.000000	guitar/ZmjMhFx5-17.jpg
1219	1.000000	others/bBKTAb1I-27.jpg
103	0.000000	guitar/8txMgu5e-30.jpg
247	0.000000	guitar/OJvTslgM-16.jpg
563	0.000000	guitar/rX9iTLtz-12.jpg
111	0.000000	guitar/8txMgu5e-38.jpg
337	0.000000	guitar/VPGU8VXv-25.jpg
669	0.000000	guitar/v7phsv8r-36.jpg
1198	1.000000	others/a4RmSbSY-8.jpg
119	0.000000	guitar/8txMgu5e-9.jpg
301	0.000000	guitar/SquMCBfp-29.jpg
520	0.000000	guitar/p4KI1Su2-1.jpg
1193	1.000000	others/a4RmSbSY-4.jpg
1010	1.000000	others/RojXO1X2-19.jpg
1051	1.000000	others/SvaB8Sct-2.jpg
895	1.000000	others/CfF36h4p-23.jpg
491	0.000000	guitar/l8WGKWOs-2.jpg
517	0.000000	guitar/l8WGKWOs-7.jpg
889	1.000000	others/CfF36h4p-18.jpg
1334	1.000000	others/iltEqifE-22.jpg
614	0.000000	guitar/sRLBZRa7-22.jpg
207	0.000000	guitar/HuquYUUP-16.jpg
126	0.000000	guitar/A81JFMtw-15.jpg
822	1.000000	others/4IQMXETy-3.jpg
990	1.000000	others/O9pBY0Ij-37.jpg
743	1.000000	others/1hMqhm36-30.jpg
1110	1.000000	others/VaJ1xFc6-37.jpg
703	0.000000	guitar/vUNpYmJo-30.jpg
1081	1.000000	others/VaJ1xFc6-10.jpg
693	0.000000	guitar/vUNpYmJo-21.jpg
1209	1.000000	others/bBKTAb1I-18.jpg
593	0.000000	guitar/rX9iTLtz-4.jpg
1432	1.000000	others/vwIe4h3S-39.jpg
1267	1.000000	others/epbjBgpC-34.jpg
506	0.000000	guitar/l8WGKWOs-33.jpg
1247	1.000000	others/epbjBgpC-16.jpg
107	0.000000	guitar/8txMgu5e-34.jpg
1134	1.000000	others/WMtdoorh-22.jpg
1277	1.000000	others/epbjBgpC-7.jpg
259	0.000000	guitar/OJvTslgM-27.jpg
793	1.000000	others/3Y7c0jyg-4.jpg
1306	1.000000	others/ibTp2xfZ-33.jpg
917	1.000000	others/CfF36h4p-7.jpg
485	0.000000	guitar/l8WGKWOs-14.jpg
1363	1.000000	others/uIGZcn0G-12.jpg
53	0.000000	guitar/42tXNfUj-21.jpg
342	0.000000	guitar/VPGU8VXv-3.jpg
394	0.000000	guitar/XoyM3MN6-40.jpg
332	0.000000	guitar/VPGU8VXv-20.jpg
1159	1.000000	others/WMtdoorh-9.jpg
302	0.000000	guitar/SquMCBfp-3.jpg
810	1.000000	others/4IQMXETy-19.jpg
1234	1.000000	others/bBKTAb1I-40.jpg
11	0.000000	guitar/07zO2agX-2.jpg
369	0.000000	guitar/XoyM3MN6-18.jpg
254	0.000000	guitar/OJvTslgM-22.jpg
1307	1.000000	others/ibTp2xfZ-34.jpg
1328	1.000000	others/iltEqifE-17.jpg
328	0.000000	guitar/VPGU8VXv-17.jpg
768	1.000000	others/3Y7c0jyg-17.jpg
564	0.000000	guitar/rX9iTLtz-13.jpg
1137	1.000000	others/WMtdoorh-25.jpg
944	1.000000	others/MvjuHQLy-31.jpg
825	1.000000	others/4IQMXETy-32.jpg
431	0.000000	guitar/Y7xzdjv8-38.jpg
839	1.000000	others/4IQMXETy-9.jpg
1282	1.000000	others/ibTp2xfZ-11.jpg
757	1.000000	others/1hMqhm36-7.jpg
710	0.000000	guitar/vUNpYmJo-37.jpg
386	0.000000	guitar/XoyM3MN6-33.jpg
288	0.000000	guitar/SquMCBfp-17.jpg
365	0.000000	guitar/XoyM3MN6-14.jpg
417	0.000000	guitar/Y7xzdjv8-25.jpg
633	0.000000	guitar/sRLBZRa7-4.jpg
470	0.000000	guitar/ZmjMhFx5-37.jpg
686	0.000000	guitar/vUNpYmJo-15.jpg
418	0.000000	guitar/Y7xzdjv8-26.jpg
1326	1.000000	others/iltEqifE-15.jpg
1349	1.000000	others/iltEqifE-36.jpg
98	0.000000	guitar/8txMgu5e-26.jpg
539	0.000000	guitar/p4KI1Su2-27.jpg
933	1.000000	others/MvjuHQLy-21.jpg
164	0.000000	guitar/BTozQQLn-13.jpg
248	0.000000	guitar/OJvTslgM-17.jpg
1091	1.000000	others/VaJ1xFc6-2.jpg
225	0.000000	guitar/HuquYUUP-32.jpg
1038	1.000000	others/RojXO1X2-8.jpg
887	1.000000	others/CfF36h4p-16.jpg
716	0.000000	guitar/vUNpYmJo-6.jpg
804	1.000000	others/4IQMXETy-13.jpg
357	0.000000	guitar/VPGU8VXv-7.jpg
931	1.000000	others/MvjuHQLy-2.jpg
941	1.000000	others/MvjuHQLy-29.jpg
298	0.000000	guitar/SquMCBfp-26.jpg
